<?xml version="1.0" encoding="UTF-8"?>
<!-- Generated by org.testng.reporters.JUnitXMLReporter -->
<testsuite ignored="0" hostname="AyushiLaptop" failures="3" tests="6" name="Flights on edge" time="139.69" errors="0" timestamp="2021-01-20T09:24:51 IST">
  <testcase classname="com.qa.tests.FlightMultitrip" name="searchFlightsMultiTrip" time="4.821">
    <failure type="java.lang.AssertionError" message="The following asserts failed:
	expected [true] but found [false]">
      <![CDATA[java.lang.AssertionError: The following asserts failed:
expected [true] but found [false]
at com.qa.tests.FlightMultitrip.searchFlightsMultiTrip(FlightMultitrip.java:44)
at java.base/java.util.concurrent.ThreadPoolExecutor.runWorker(ThreadPoolExecutor.java:1130)
at java.base/java.util.concurrent.ThreadPoolExecutor$Worker.run(ThreadPoolExecutor.java:630)
at java.base/java.lang.Thread.run(Thread.java:832)
... Removed 14 stack frames]]>
    </failure>
  </testcase> <!-- searchFlightsMultiTrip -->
  <testcase classname="com.qa.tests.FlightOneway" name="searchFlightsoneway" time="11.157">
    <failure type="org.testng.TestException" message="
Method FlightOneway.searchFlightsoneway(java.lang.String, java.lang.String, java.lang.String, java.lang.String)[pri:1, instance:com.qa.tests.FlightOneway@21337f7b] should have thrown an exception of type class org.openqa.selenium.NoSuchElementException">
      <![CDATA[org.testng.TestException: 
Method FlightOneway.searchFlightsoneway(java.lang.String, java.lang.String, java.lang.String, java.lang.String)[pri:1, instance:com.qa.tests.FlightOneway@21337f7b] should have thrown an exception of type class org.openqa.selenium.NoSuchElementException
at java.base/java.util.concurrent.ThreadPoolExecutor.runWorker(ThreadPoolExecutor.java:1130)
at java.base/java.util.concurrent.ThreadPoolExecutor$Worker.run(ThreadPoolExecutor.java:630)
at java.base/java.lang.Thread.run(Thread.java:832)
... Removed 9 stack frames]]>
    </failure>
  </testcase> <!-- searchFlightsoneway -->
  <testcase classname="com.qa.tests.FlightOneway" name="searchFlightsoneway" time="5.97">
    <failure type="org.testng.TestException" message="
Method FlightOneway.searchFlightsoneway(java.lang.String, java.lang.String, java.lang.String, java.lang.String)[pri:1, instance:com.qa.tests.FlightOneway@21337f7b] should have thrown an exception of type class org.openqa.selenium.NoSuchElementException">
      <![CDATA[org.testng.TestException: 
Method FlightOneway.searchFlightsoneway(java.lang.String, java.lang.String, java.lang.String, java.lang.String)[pri:1, instance:com.qa.tests.FlightOneway@21337f7b] should have thrown an exception of type class org.openqa.selenium.NoSuchElementException
at java.base/java.util.concurrent.ThreadPoolExecutor.runWorker(ThreadPoolExecutor.java:1130)
at java.base/java.util.concurrent.ThreadPoolExecutor$Worker.run(ThreadPoolExecutor.java:630)
at java.base/java.lang.Thread.run(Thread.java:832)
... Removed 9 stack frames]]>
    </failure>
  </testcase> <!-- searchFlightsoneway -->
  <testcase classname="com.qa.tests.FlightRoundtrip" name="searchFlightsRoundTrip" time="31.106"/>
  <testcase classname="com.qa.tests.FlightRoundtrip" name="bookFlightsRoundTrip" time="5.681"/>
  <testcase classname="com.qa.tests.FlightOneway" name="bookFlightsoneway" time="68.959"/>
</testsuite> <!-- Flights on edge -->
