<?xml version="1.0" encoding="UTF-8"?>
<!-- Generated by org.testng.reporters.JUnitXMLReporter -->
<testsuite ignored="0" hostname="AyushiLaptop" failures="1" tests="6" name="Flights" time="120.034" errors="0" timestamp="2021-01-20T18:01:30 IST">
  <testcase classname="com.qa.tests.MultiTripFlights" name="searchFlightsMultiTrip" time="6.733">
    <failure type="java.lang.AssertionError" message="The following asserts failed:
	expected [true] but found [false]">
      <![CDATA[java.lang.AssertionError: The following asserts failed:
expected [true] but found [false]
at com.qa.tests.MultiTripFlights.searchFlightsMultiTrip(MultiTripFlights.java:44)
at java.base/java.util.concurrent.ThreadPoolExecutor.runWorker(ThreadPoolExecutor.java:1130)
at java.base/java.util.concurrent.ThreadPoolExecutor$Worker.run(ThreadPoolExecutor.java:630)
at java.base/java.lang.Thread.run(Thread.java:832)
... Removed 14 stack frames]]>
    </failure>
  </testcase> <!-- searchFlightsMultiTrip -->
  <testcase classname="com.qa.tests.FlightOneway" name="searchFlightsoneway" time="24.255"/>
  <testcase classname="com.qa.tests.FlightOneway" name="searchFlightsoneway" time="4.961"/>
  <testcase classname="com.qa.tests.FlightRoundtrip" name="searchFlightsRoundTrip" time="33.723"/>
  <testcase classname="com.qa.tests.FlightRoundtrip" name="bookFlightsRoundTrip" time="13.605"/>
  <testcase classname="com.qa.tests.FlightOneway" name="bookFlightsoneway" time="68.644"/>
</testsuite> <!-- Flights -->
