<html>
<head>
<title>TestNG:  hotels and trains</title>
<link href="../testng.css" rel="stylesheet" type="text/css" />
<link href="../my-testng.css" rel="stylesheet" type="text/css" />

<style type="text/css">
.log { display: none;} 
.stack-trace { display: none;} 
</style>
<script type="text/javascript">
<!--
function flip(e) {
  current = e.style.display;
  if (current == 'block') {
    e.style.display = 'none';
    return 0;
  }
  else {
    e.style.display = 'block';
    return 1;
  }
}

function toggleBox(szDivId, elem, msg1, msg2)
{
  var res = -1;  if (document.getElementById) {
    res = flip(document.getElementById(szDivId));
  }
  else if (document.all) {
    // this is the way old msie versions work
    res = flip(document.all[szDivId]);
  }
  if(elem) {
    if(res == 0) elem.innerHTML = msg1; else elem.innerHTML = msg2;
  }

}

function toggleAllBoxes() {
  if (document.getElementsByTagName) {
    d = document.getElementsByTagName('div');
    for (i = 0; i < d.length; i++) {
      if (d[i].className == 'log') {
        flip(d[i]);
      }
    }
  }
}

// -->
</script>

</head>
<body>
<h2 align='center'>hotels and trains</h2><table border='1' align="center">
<tr>
<td>Tests passed/Failed/Skipped:</td><td>7/2/0</td>
</tr><tr>
<td>Started on:</td><td>Wed Jan 20 14:23:25 IST 2021</td>
</tr>
<tr><td>Total time:</td><td>97 seconds (97480 ms)</td>
</tr><tr>
<td>Included groups:</td><td></td>
</tr><tr>
<td>Excluded groups:</td><td></td>
</tr>
</table><p/>
<small><i>(Hover the method name to see the test class name)</i></small><p/>
<table width='100%' border='1' class='invocation-failed'>
<tr><td colspan='4' align='center'><b>FAILED TESTS</b></td></tr>
<tr><td><b>Test method</b></td>
<td width="30%"><b>Exception</b></td>
<td width="10%"><b>Time (seconds)</b></td>
<td><b>Instance</b></td>
</tr>
<tr>
<td title='com.qa.tests.Trainsscripts.Searchtrains()'><b>Searchtrains</b><br>Test class: com.qa.tests.Trainsscripts<br>Parameters: Vijayawada Junction (BZA), Vijayawada Junction (BZA), AC First Class (1A)</td>
<td><div><pre>java.lang.AssertionError: The following asserts failed:
	expected [true] but found [false]
	at com.qa.tests.Trainsscripts.Searchtrains(Trainsscripts.java:89)
	at java.base/java.util.concurrent.ThreadPoolExecutor.runWorker(ThreadPoolExecutor.java:1130)
	at java.base/java.util.concurrent.ThreadPoolExecutor$Worker.run(ThreadPoolExecutor.java:630)
	at java.base/java.lang.Thread.run(Thread.java:832)
... Removed 14 stack frames</pre></div><a href='#' onClick='toggleBox("stack-trace567687693", this, "Click to show all stack frames", "Click to hide stack frames")'>Click to show all stack frames</a>
<div class='stack-trace' id='stack-trace567687693'><pre>java.lang.AssertionError: The following asserts failed:
	expected [true] but found [false]
	at org.testng.asserts.SoftAssert.assertAll(SoftAssert.java:47)
	at org.testng.asserts.SoftAssert.assertAll(SoftAssert.java:31)
	at com.qa.tests.Trainsscripts.Searchtrains(Trainsscripts.java:89)
	at java.base/jdk.internal.reflect.NativeMethodAccessorImpl.invoke0(Native Method)
	at java.base/jdk.internal.reflect.NativeMethodAccessorImpl.invoke(NativeMethodAccessorImpl.java:64)
	at java.base/jdk.internal.reflect.DelegatingMethodAccessorImpl.invoke(DelegatingMethodAccessorImpl.java:43)
	at java.base/java.lang.reflect.Method.invoke(Method.java:564)
	at org.testng.internal.MethodInvocationHelper.invokeMethod(MethodInvocationHelper.java:132)
	at org.testng.internal.TestInvoker.invokeMethod(TestInvoker.java:599)
	at org.testng.internal.TestInvoker.invokeTestMethod(TestInvoker.java:174)
	at org.testng.internal.MethodRunner.runInSequence(MethodRunner.java:46)
	at org.testng.internal.TestInvoker$MethodInvocationAgent.invoke(TestInvoker.java:822)
	at org.testng.internal.TestInvoker.invokeTestMethods(TestInvoker.java:147)
	at org.testng.internal.TestMethodWorker.invokeTestMethods(TestMethodWorker.java:146)
	at org.testng.internal.TestMethodWorker.run(TestMethodWorker.java:128)
	at java.base/java.util.concurrent.ThreadPoolExecutor.runWorker(ThreadPoolExecutor.java:1130)
	at java.base/java.util.concurrent.ThreadPoolExecutor$Worker.run(ThreadPoolExecutor.java:630)
	at java.base/java.lang.Thread.run(Thread.java:832)
</pre></div></td>
<td>27</td>
<td>com.qa.tests.Trainsscripts@60df60da</td></tr>
<tr>
<td title='com.qa.tests.Hotelstestscripts.travellerDetailsEntry()'><b>travellerDetailsEntry</b><br>Test class: com.qa.tests.Hotelstestscripts<br>Parameters: Sam, Smith, false, 0.0, 0.0, 9.243567678E9, 30 min late</td>
<td><div><pre>java.lang.AssertionError: expected [true] but found [false]
	at com.qa.tests.Hotelstestscripts.travellerDetailsEntry(Hotelstestscripts.java:119)
	at java.base/java.util.concurrent.ThreadPoolExecutor.runWorker(ThreadPoolExecutor.java:1130)
	at java.base/java.util.concurrent.ThreadPoolExecutor$Worker.run(ThreadPoolExecutor.java:630)
	at java.base/java.lang.Thread.run(Thread.java:832)
... Removed 16 stack frames</pre></div><a href='#' onClick='toggleBox("stack-trace2088585287", this, "Click to show all stack frames", "Click to hide stack frames")'>Click to show all stack frames</a>
<div class='stack-trace' id='stack-trace2088585287'><pre>java.lang.AssertionError: expected [true] but found [false]
	at org.testng.Assert.fail(Assert.java:99)
	at org.testng.Assert.failNotEquals(Assert.java:1037)
	at org.testng.Assert.assertTrue(Assert.java:45)
	at org.testng.Assert.assertTrue(Assert.java:55)
	at com.qa.tests.Hotelstestscripts.travellerDetailsEntry(Hotelstestscripts.java:119)
	at java.base/jdk.internal.reflect.NativeMethodAccessorImpl.invoke0(Native Method)
	at java.base/jdk.internal.reflect.NativeMethodAccessorImpl.invoke(NativeMethodAccessorImpl.java:64)
	at java.base/jdk.internal.reflect.DelegatingMethodAccessorImpl.invoke(DelegatingMethodAccessorImpl.java:43)
	at java.base/java.lang.reflect.Method.invoke(Method.java:564)
	at org.testng.internal.MethodInvocationHelper.invokeMethod(MethodInvocationHelper.java:132)
	at org.testng.internal.TestInvoker.invokeMethod(TestInvoker.java:599)
	at org.testng.internal.TestInvoker.invokeTestMethod(TestInvoker.java:174)
	at org.testng.internal.MethodRunner.runInSequence(MethodRunner.java:46)
	at org.testng.internal.TestInvoker$MethodInvocationAgent.invoke(TestInvoker.java:822)
	at org.testng.internal.TestInvoker.invokeTestMethods(TestInvoker.java:147)
	at org.testng.internal.TestMethodWorker.invokeTestMethods(TestMethodWorker.java:146)
	at org.testng.internal.TestMethodWorker.run(TestMethodWorker.java:128)
	at java.base/java.util.concurrent.ThreadPoolExecutor.runWorker(ThreadPoolExecutor.java:1130)
	at java.base/java.util.concurrent.ThreadPoolExecutor$Worker.run(ThreadPoolExecutor.java:630)
	at java.base/java.lang.Thread.run(Thread.java:832)
</pre></div></td>
<td>0</td>
<td>com.qa.tests.Hotelstestscripts@7a362b6b</td></tr>
</table><p>
<table width='100%' border='1' class='invocation-passed'>
<tr><td colspan='4' align='center'><b>PASSED TESTS</b></td></tr>
<tr><td><b>Test method</b></td>
<td width="30%"><b>Exception</b></td>
<td width="10%"><b>Time (seconds)</b></td>
<td><b>Instance</b></td>
</tr>
<tr>
<td title='com.qa.tests.Trainsscripts.Localtrain()'><b>Localtrain</b><br>Test class: com.qa.tests.Trainsscripts<br>Parameters: Mumbai Central (BCT), Mumbai Central (BCT), AC First Class (1A)</td>
<td></td>
<td>17</td>
<td>com.qa.tests.Trainsscripts@60df60da</td></tr>
<tr>
<td title='com.qa.tests.Trainsscripts.Searchingtrains()'><b>Searchingtrains</b><br>Test class: com.qa.tests.Trainsscripts<br>Parameters: Hyderabad Decan (HYB), Mumbai Central (BCT), AC First Class (1A)</td>
<td></td>
<td>16</td>
<td>com.qa.tests.Trainsscripts@60df60da</td></tr>
<tr>
<td title='com.qa.tests.Hotelstestscripts.cityAndDatesSelection()'><b>cityAndDatesSelection</b><br>Test class: com.qa.tests.Hotelstestscripts<br>Parameters: Hyderabad</td>
<td></td>
<td>2</td>
<td>com.qa.tests.Hotelstestscripts@7a362b6b</td></tr>
<tr>
<td title='com.qa.tests.Trainsscripts.clearTripLogin()'><b>clearTripLogin</b><br>Test class: com.qa.tests.Trainsscripts</td>
<td></td>
<td>3</td>
<td>com.qa.tests.Trainsscripts@60df60da</td></tr>
<tr>
<td title='com.qa.tests.Hotelstestscripts.hotelAndRoomSelect()'><b>hotelAndRoomSelect</b><br>Test class: com.qa.tests.Hotelstestscripts</td>
<td></td>
<td>56</td>
<td>com.qa.tests.Hotelstestscripts@7a362b6b</td></tr>
<tr>
<td title='com.qa.tests.Hotelstestscripts.hotelsPageLoading()'><b>hotelsPageLoading</b><br>Test class: com.qa.tests.Hotelstestscripts</td>
<td></td>
<td>6</td>
<td>com.qa.tests.Hotelstestscripts@7a362b6b</td></tr>
<tr>
<td title='com.qa.tests.Hotelstestscripts.travellerAndRoomCount()'><b>travellerAndRoomCount</b><br>Test class: com.qa.tests.Hotelstestscripts<br>Parameters: 1, 3, 1, More travellers...</td>
<td></td>
<td>1</td>
<td>com.qa.tests.Hotelstestscripts@7a362b6b</td></tr>
</table><p>
</body>
</html>