<?xml version="1.0" encoding="UTF-8"?>
<!-- Generated by org.testng.reporters.JUnitXMLReporter -->
<testsuite ignored="0" hostname="AyushiLaptop" failures="2" tests="9" name="hotels and trains" time="97.48" errors="0" timestamp="2021-01-20T14:25:02 IST">
  <testcase classname="com.qa.tests.Trainsscripts" name="clearTripLogin" time="3.129"/>
  <testcase classname="com.qa.tests.Hotelstestscripts" name="hotelsPageLoading" time="6.203"/>
  <testcase classname="com.qa.tests.Hotelstestscripts" name="cityAndDatesSelection" time="2.847"/>
  <testcase classname="com.qa.tests.Hotelstestscripts" name="travellerAndRoomCount" time="1.19"/>
  <testcase classname="com.qa.tests.Trainsscripts" name="Searchtrains" time="27.703">
    <failure type="java.lang.AssertionError" message="The following asserts failed:
	expected [true] but found [false]">
      <![CDATA[java.lang.AssertionError: The following asserts failed:
expected [true] but found [false]
at com.qa.tests.Trainsscripts.Searchtrains(Trainsscripts.java:89)
at java.base/java.util.concurrent.ThreadPoolExecutor.runWorker(ThreadPoolExecutor.java:1130)
at java.base/java.util.concurrent.ThreadPoolExecutor$Worker.run(ThreadPoolExecutor.java:630)
at java.base/java.lang.Thread.run(Thread.java:832)
... Removed 14 stack frames]]>
    </failure>
  </testcase> <!-- Searchtrains -->
  <testcase classname="com.qa.tests.Trainsscripts" name="Searchingtrains" time="16.61"/>
  <testcase classname="com.qa.tests.Hotelstestscripts" name="hotelAndRoomSelect" time="56.253"/>
  <testcase classname="com.qa.tests.Hotelstestscripts" name="travellerDetailsEntry" time="0.003">
    <failure type="java.lang.AssertionError" message="expected [true] but found [false]">
      <![CDATA[java.lang.AssertionError: expected [true] but found [false]
at com.qa.tests.Hotelstestscripts.travellerDetailsEntry(Hotelstestscripts.java:119)
at java.base/java.util.concurrent.ThreadPoolExecutor.runWorker(ThreadPoolExecutor.java:1130)
at java.base/java.util.concurrent.ThreadPoolExecutor$Worker.run(ThreadPoolExecutor.java:630)
at java.base/java.lang.Thread.run(Thread.java:832)
... Removed 16 stack frames]]>
    </failure>
  </testcase> <!-- travellerDetailsEntry -->
  <testcase classname="com.qa.tests.Trainsscripts" name="Localtrain" time="17.687"/>
</testsuite> <!-- hotels and trains -->
