<?xml version="1.0" encoding="UTF-8"?>
<!-- Generated by org.testng.reporters.JUnitXMLReporter -->
<testsuite ignored="0" hostname="AyushiLaptop" failures="1" tests="8" name="SignIn and register(edge)" time="142.994" errors="0" timestamp="2021-01-21T13:42:14 IST">
  <testcase classname="com.qa.tests.RegisterScripts" name="signUpWithClearTrip" time="11.595"/>
  <testcase classname="com.qa.tests.SignInScripts" name="clearTripLogin" time="16.432"/>
  <testcase classname="com.qa.tests.RegisterScripts" name="signUpWithClearTrip" time="9.414">
    <failure type="java.lang.AssertionError" message="The following asserts failed:
	expected [true] but found [false]">
      <![CDATA[java.lang.AssertionError: The following asserts failed:
expected [true] but found [false]
at com.qa.tests.RegisterScripts.signUpWithClearTrip(RegisterScripts.java:98)
at java.base/java.util.concurrent.ThreadPoolExecutor.runWorker(ThreadPoolExecutor.java:1130)
at java.base/java.util.concurrent.ThreadPoolExecutor$Worker.run(ThreadPoolExecutor.java:630)
at java.base/java.lang.Thread.run(Thread.java:832)
... Removed 14 stack frames]]>
    </failure>
  </testcase> <!-- signUpWithClearTrip -->
  <testcase classname="com.qa.tests.FbRegisterScripts" name="signUpWithFb" time="48.407"/>
  <testcase classname="com.qa.tests.FbSignInScripts" name="loginWithFb" time="45.366"/>
  <testcase classname="com.qa.tests.SignInScripts" name="clearTripLogin" time="7.458"/>
  <testcase classname="com.qa.tests.FbRegisterScripts" name="signUpWithFb" time="26.541"/>
  <testcase classname="com.qa.tests.FbSignInScripts" name="loginWithFb" time="29.139"/>
</testsuite> <!-- SignIn and register(edge) -->
