<?xml version="1.0" encoding="UTF-8"?>
<!-- Generated by org.testng.reporters.JUnitXMLReporter -->
<testsuite ignored="0" hostname="AyushiLaptop" failures="1" tests="5" name="Testoneway" time="78.004" errors="0" timestamp="2021-01-17T23:23:32 IST">
  <testcase classname="com.qa.tests.FlightMultitrip" name="searchFlightsMultiTrip" time="3.162">
    <failure type="java.lang.AssertionError" message="The following asserts failed:
	expected [true] but found [false]">
      <![CDATA[java.lang.AssertionError: The following asserts failed:
expected [true] but found [false]
at com.qa.tests.FlightMultitrip.searchFlightsMultiTrip(FlightMultitrip.java:44)
at java.base/java.util.concurrent.ThreadPoolExecutor.runWorker(ThreadPoolExecutor.java:1130)
at java.base/java.util.concurrent.ThreadPoolExecutor$Worker.run(ThreadPoolExecutor.java:630)
at java.base/java.lang.Thread.run(Thread.java:832)
... Removed 14 stack frames]]>
    </failure>
  </testcase> <!-- searchFlightsMultiTrip -->
  <testcase classname="com.qa.tests.FlightOneway" name="searchFlightsoneway" time="5.736"/>
  <testcase classname="com.qa.tests.FlightOneway" name="searchFlightsoneway" time="6.397"/>
  <testcase classname="com.qa.tests.FlightRoundtrip" name="searchFlightsRoundTrip" time="30.023"/>
  <testcase classname="com.qa.tests.FlightOneway" name="bookFlightsoneway" time="29.973"/>
</testsuite> <!-- Testoneway -->
