<?xml version="1.0" encoding="UTF-8"?>
<!-- Generated by org.testng.reporters.JUnitReportReporter -->
<testsuite hostname="AyushiLaptop" failures="1" tests="5" name="com.qa.tests.Hotelstestscripts" time="97.859" errors="0" timestamp="2021-01-21T13:44:26 IST" skipped="0">
  <testcase classname="com.qa.tests.Hotelstestscripts" name="hotelsPageLoading" time="21.938"/>
  <system-out/>
  <testcase classname="com.qa.tests.Hotelstestscripts" name="cityAndDatesSelection" time="4.510"/>
  <system-out/>
  <testcase classname="com.qa.tests.Hotelstestscripts" name="travellerAndRoomCount" time="3.037"/>
  <system-out/>
  <testcase classname="com.qa.tests.Hotelstestscripts" name="hotelAndRoomSelect" time="67.882"/>
  <system-out/>
  <testcase classname="com.qa.tests.Hotelstestscripts" name="travellerDetailsEntry" time="0.492">
    <failure message="expected [true] but found [false]" type="java.lang.AssertionError">
      <![CDATA[java.lang.AssertionError: expected [true] but found [false]
at org.testng.Assert.fail(Assert.java:99)
at org.testng.Assert.failNotEquals(Assert.java:1037)
at org.testng.Assert.assertTrue(Assert.java:45)
at org.testng.Assert.assertTrue(Assert.java:55)
at com.qa.tests.Hotelstestscripts.travellerDetailsEntry(Hotelstestscripts.java:121)
at java.base/jdk.internal.reflect.NativeMethodAccessorImpl.invoke0(Native Method)
at java.base/jdk.internal.reflect.NativeMethodAccessorImpl.invoke(NativeMethodAccessorImpl.java:64)
at java.base/jdk.internal.reflect.DelegatingMethodAccessorImpl.invoke(DelegatingMethodAccessorImpl.java:43)
at java.base/java.lang.reflect.Method.invoke(Method.java:564)
at org.testng.internal.MethodInvocationHelper.invokeMethod(MethodInvocationHelper.java:132)
at org.testng.internal.TestInvoker.invokeMethod(TestInvoker.java:599)
at org.testng.internal.TestInvoker.invokeTestMethod(TestInvoker.java:174)
at org.testng.internal.MethodRunner.runInSequence(MethodRunner.java:46)
at org.testng.internal.TestInvoker$MethodInvocationAgent.invoke(TestInvoker.java:822)
at org.testng.internal.TestInvoker.invokeTestMethods(TestInvoker.java:147)
at org.testng.internal.TestMethodWorker.invokeTestMethods(TestMethodWorker.java:146)
at org.testng.internal.TestMethodWorker.run(TestMethodWorker.java:128)
at java.base/java.util.concurrent.ThreadPoolExecutor.runWorker(ThreadPoolExecutor.java:1130)
at java.base/java.util.concurrent.ThreadPoolExecutor$Worker.run(ThreadPoolExecutor.java:630)
at java.base/java.lang.Thread.run(Thread.java:832)
]]>
    </failure>
  </testcase> <!-- travellerDetailsEntry -->
  <system-out/>
</testsuite> <!-- com.qa.tests.Hotelstestscripts -->
