{"uuid":"4ea6324d-0c40-4a51-a27c-cd4c590d5b0a","name":"Testinfirefox","children":["95a92f85-ae73-4c81-bf8c-9704019269f2","6c210877-ad12-42a9-a88a-4eacef536452","ac22ff2b-df70-426b-b28b-a70c55ea501a","59a184e3-8134-46dd-b770-dc751ec2a90e","011aba47-6a78-4914-85a7-577db59fd5e5","e9900450-1352-4069-bcef-ea880c030d2a"],"befores":[{"name":"setUp","status":"broken","statusDetails":{"known":false,"muted":false,"flaky":false,"message":"Failed to connect to binary FirefoxBinary(C:\\Program Files\\Mozilla Firefox\\firefox.exe) on port 7055; process output follows: \nCan't find symbol 'eglSwapBuffersWithDamageEXT'.\r\nCan't find symbol 'eglSetDamageRegionKHR'.\r\nJavaScript error: resource://gre/modules/XULStore.jsm, line 66: Error: Can't find profile directory.\r\n\nBuild info: version: '2.53.0', revision: '35ae25b1534ae328c771e0856c93e187490ca824', time: '2016-03-15 10:43:46'\nSystem info: host: 'AyushiLaptop', ip: '10.10.10.17', os.name: 'Windows 10', os.arch: 'amd64', os.version: '10.0', java.version: '15.0.1'\nDriver info: driver.version: FirefoxDriver","trace":"org.openqa.selenium.WebDriverException: Failed to connect to binary FirefoxBinary(C:\\Program Files\\Mozilla Firefox\\firefox.exe) on port 7055; process output follows: \nCan't find symbol 'eglSwapBuffersWithDamageEXT'.\r\nCan't find symbol 'eglSetDamageRegionKHR'.\r\nJavaScript error: resource://gre/modules/XULStore.jsm, line 66: Error: Can't find profile directory.\r\n\nBuild info: version: '2.53.0', revision: '35ae25b1534ae328c771e0856c93e187490ca824', time: '2016-03-15 10:43:46'\nSystem info: host: 'AyushiLaptop', ip: '10.10.10.17', os.name: 'Windows 10', os.arch: 'amd64', os.version: '10.0', java.version: '15.0.1'\nDriver info: driver.version: FirefoxDriver\r\n\tat org.openqa.selenium.firefox.internal.NewProfileExtensionConnection.start(NewProfileExtensionConnection.java:125)\r\n\tat org.openqa.selenium.firefox.FirefoxDriver.startClient(FirefoxDriver.java:271)\r\n\tat org.openqa.selenium.remote.RemoteWebDriver.<init>(RemoteWebDriver.java:119)\r\n\tat org.openqa.selenium.firefox.FirefoxDriver.<init>(FirefoxDriver.java:216)\r\n\tat org.openqa.selenium.firefox.FirefoxDriver.<init>(FirefoxDriver.java:211)\r\n\tat org.openqa.selenium.firefox.FirefoxDriver.<init>(FirefoxDriver.java:207)\r\n\tat org.openqa.selenium.firefox.FirefoxDriver.<init>(FirefoxDriver.java:120)\r\n\tat com.qa.tests.Testbase.setUp(Testbase.java:31)\r\n\tat java.base/jdk.internal.reflect.NativeMethodAccessorImpl.invoke0(Native Method)\r\n\tat java.base/jdk.internal.reflect.NativeMethodAccessorImpl.invoke(NativeMethodAccessorImpl.java:64)\r\n\tat java.base/jdk.internal.reflect.DelegatingMethodAccessorImpl.invoke(DelegatingMethodAccessorImpl.java:43)\r\n\tat java.base/java.lang.reflect.Method.invoke(Method.java:564)\r\n\tat org.testng.internal.MethodInvocationHelper.invokeMethod(MethodInvocationHelper.java:132)\r\n\tat org.testng.internal.MethodInvocationHelper.invokeMethodConsideringTimeout(MethodInvocationHelper.java:61)\r\n\tat org.testng.internal.ConfigInvoker.invokeConfigurationMethod(ConfigInvoker.java:366)\r\n\tat org.testng.internal.ConfigInvoker.invokeConfigurations(ConfigInvoker.java:320)\r\n\tat org.testng.TestRunner.invokeTestConfigurations(TestRunner.java:617)\r\n\tat org.testng.TestRunner.beforeRun(TestRunner.java:607)\r\n\tat org.testng.TestRunner.run(TestRunner.java:578)\r\n\tat org.testng.SuiteRunner.runTest(SuiteRunner.java:384)\r\n\tat org.testng.SuiteRunner.access$000(SuiteRunner.java:28)\r\n\tat org.testng.SuiteRunner$SuiteWorker.run(SuiteRunner.java:425)\r\n\tat org.testng.internal.thread.ThreadUtil.lambda$execute$0(ThreadUtil.java:66)\r\n\tat java.base/java.util.concurrent.FutureTask.run(FutureTask.java:264)\r\n\tat java.base/java.util.concurrent.ThreadPoolExecutor.runWorker(ThreadPoolExecutor.java:1130)\r\n\tat java.base/java.util.concurrent.ThreadPoolExecutor$Worker.run(ThreadPoolExecutor.java:630)\r\n\tat java.base/java.lang.Thread.run(Thread.java:832)\r\nCaused by: org.openqa.selenium.firefox.NotConnectedException: Unable to connect to host 127.0.0.1 on port 7055 after 45000 ms. Firefox console output:\nCan't find symbol 'eglSwapBuffersWithDamageEXT'.\r\nCan't find symbol 'eglSetDamageRegionKHR'.\r\nJavaScript error: resource://gre/modules/XULStore.jsm, line 66: Error: Can't find profile directory.\r\n\r\n\tat org.openqa.selenium.firefox.internal.NewProfileExtensionConnection.start(NewProfileExtensionConnection.java:113)\r\n\t... 26 more\r\n"},"stage":"finished","description":"","steps":[],"attachments":[],"parameters":[],"start":1610693838798,"stop":1610693889022}],"afters":[{"name":"tearDown","status":"broken","stage":"finished","description":"","steps":[],"attachments":[],"parameters":[],"start":1610693889508,"stop":1610693889509}],"links":[],"start":1610693838758,"stop":1610693889579}