{"uuid":"c9750af9-9581-4054-80af-870eb7c2bb53","name":"TestFirefox","children":["8be3f9f5-1564-4d9c-9f53-112ab9fccfa7","05e45fdb-4190-4293-aa8a-3bdceb16aee1"],"befores":[{"name":"setUp","status":"broken","statusDetails":{"known":false,"muted":false,"flaky":false,"message":"Failed to connect to binary FirefoxBinary(C:\\Program Files\\Mozilla Firefox\\firefox.exe) on port 7055; process output follows: \nCan't find symbol 'eglSwapBuffersWithDamageEXT'.\r\nCan't find symbol 'eglSetDamageRegionKHR'.\r\nJavaScript error: resource://gre/modules/XULStore.jsm, line 66: Error: Can't find profile directory.\r\n\nBuild info: version: '2.53.0', revision: '35ae25b1534ae328c771e0856c93e187490ca824', time: '2016-03-15 10:43:46'\nSystem info: host: 'AyushiLaptop', ip: '10.10.10.17', os.name: 'Windows 10', os.arch: 'amd64', os.version: '10.0', java.version: '15.0.1'\nDriver info: driver.version: FirefoxDriver","trace":"org.openqa.selenium.WebDriverException: Failed to connect to binary FirefoxBinary(C:\\Program Files\\Mozilla Firefox\\firefox.exe) on port 7055; process output follows: \nCan't find symbol 'eglSwapBuffersWithDamageEXT'.\r\nCan't find symbol 'eglSetDamageRegionKHR'.\r\nJavaScript error: resource://gre/modules/XULStore.jsm, line 66: Error: Can't find profile directory.\r\n\nBuild info: version: '2.53.0', revision: '35ae25b1534ae328c771e0856c93e187490ca824', time: '2016-03-15 10:43:46'\nSystem info: host: 'AyushiLaptop', ip: '10.10.10.17', os.name: 'Windows 10', os.arch: 'amd64', os.version: '10.0', java.version: '15.0.1'\nDriver info: driver.version: FirefoxDriver\r\n\tat org.openqa.selenium.firefox.internal.NewProfileExtensionConnection.start(NewProfileExtensionConnection.java:125)\r\n\tat org.openqa.selenium.firefox.FirefoxDriver.startClient(FirefoxDriver.java:271)\r\n\tat org.openqa.selenium.remote.RemoteWebDriver.<init>(RemoteWebDriver.java:119)\r\n\tat org.openqa.selenium.firefox.FirefoxDriver.<init>(FirefoxDriver.java:216)\r\n\tat org.openqa.selenium.firefox.FirefoxDriver.<init>(FirefoxDriver.java:211)\r\n\tat org.openqa.selenium.firefox.FirefoxDriver.<init>(FirefoxDriver.java:207)\r\n\tat org.openqa.selenium.firefox.FirefoxDriver.<init>(FirefoxDriver.java:120)\r\n\tat com.qa.tests.Testbase.setUp(Testbase.java:29)\r\n\tat java.base/jdk.internal.reflect.NativeMethodAccessorImpl.invoke0(Native Method)\r\n\tat java.base/jdk.internal.reflect.NativeMethodAccessorImpl.invoke(NativeMethodAccessorImpl.java:64)\r\n\tat java.base/jdk.internal.reflect.DelegatingMethodAccessorImpl.invoke(DelegatingMethodAccessorImpl.java:43)\r\n\tat java.base/java.lang.reflect.Method.invoke(Method.java:564)\r\n\tat org.testng.internal.MethodInvocationHelper.invokeMethod(MethodInvocationHelper.java:132)\r\n\tat org.testng.internal.MethodInvocationHelper.invokeMethodConsideringTimeout(MethodInvocationHelper.java:61)\r\n\tat org.testng.internal.ConfigInvoker.invokeConfigurationMethod(ConfigInvoker.java:366)\r\n\tat org.testng.internal.ConfigInvoker.invokeConfigurations(ConfigInvoker.java:320)\r\n\tat org.testng.TestRunner.invokeTestConfigurations(TestRunner.java:617)\r\n\tat org.testng.TestRunner.beforeRun(TestRunner.java:607)\r\n\tat org.testng.TestRunner.run(TestRunner.java:578)\r\n\tat org.testng.SuiteRunner.runTest(SuiteRunner.java:384)\r\n\tat org.testng.SuiteRunner.runSequentially(SuiteRunner.java:378)\r\n\tat org.testng.SuiteRunner.privateRun(SuiteRunner.java:337)\r\n\tat org.testng.SuiteRunner.run(SuiteRunner.java:286)\r\n\tat org.testng.SuiteRunnerWorker.runSuite(SuiteRunnerWorker.java:53)\r\n\tat org.testng.SuiteRunnerWorker.run(SuiteRunnerWorker.java:96)\r\n\tat org.testng.TestNG.runSuitesSequentially(TestNG.java:1218)\r\n\tat org.testng.TestNG.runSuitesLocally(TestNG.java:1140)\r\n\tat org.testng.TestNG.runSuites(TestNG.java:1069)\r\n\tat org.testng.TestNG.run(TestNG.java:1037)\r\n\tat org.testng.remote.AbstractRemoteTestNG.run(AbstractRemoteTestNG.java:115)\r\n\tat org.testng.remote.RemoteTestNG.initAndRun(RemoteTestNG.java:251)\r\n\tat org.testng.remote.RemoteTestNG.main(RemoteTestNG.java:77)\r\nCaused by: org.openqa.selenium.firefox.NotConnectedException: Unable to connect to host 127.0.0.1 on port 7055 after 45000 ms. Firefox console output:\nCan't find symbol 'eglSwapBuffersWithDamageEXT'.\r\nCan't find symbol 'eglSetDamageRegionKHR'.\r\nJavaScript error: resource://gre/modules/XULStore.jsm, line 66: Error: Can't find profile directory.\r\n\r\n\tat org.openqa.selenium.firefox.internal.NewProfileExtensionConnection.start(NewProfileExtensionConnection.java:113)\r\n\t... 31 more\r\n"},"stage":"finished","description":"","steps":[],"attachments":[],"parameters":[],"start":1610687083933,"stop":1610687136560}],"afters":[{"name":"tearDown","status":"broken","stage":"finished","description":"","steps":[],"attachments":[],"parameters":[],"start":1610687136889,"stop":1610687136891}],"links":[],"start":1610687083932,"stop":1610687137084}