{"name":"searchFlightsoneway","status":"skipped","statusDetails":{"known":false,"muted":false,"flaky":false,"message":"Failed to connect to binary FirefoxBinary(C:\\Program Files\\Mozilla Firefox\\firefox.exe) on port 7055; process output follows: \nCan't find symbol 'eglSwapBuffersWithDamageEXT'.\r\nCan't find symbol 'eglSetDamageRegionKHR'.\r\nJavaScript error: resource://gre/modules/XULStore.jsm, line 66: Error: Can't find profile directory.\r\n\nBuild info: version: '2.53.0', revision: '35ae25b1534ae328c771e0856c93e187490ca824', time: '2016-03-15 10:43:46'\nSystem info: host: 'AyushiLaptop', ip: '10.10.10.200', os.name: 'Windows 10', os.arch: 'amd64', os.version: '10.0', java.version: '15.0.1'\nDriver info: driver.version: FirefoxDriver","trace":"org.openqa.selenium.WebDriverException: Failed to connect to binary FirefoxBinary(C:\\Program Files\\Mozilla Firefox\\firefox.exe) on port 7055; process output follows: \nCan't find symbol 'eglSwapBuffersWithDamageEXT'.\r\nCan't find symbol 'eglSetDamageRegionKHR'.\r\nJavaScript error: resource://gre/modules/XULStore.jsm, line 66: Error: Can't find profile directory.\r\n\nBuild info: version: '2.53.0', revision: '35ae25b1534ae328c771e0856c93e187490ca824', time: '2016-03-15 10:43:46'\nSystem info: host: 'AyushiLaptop', ip: '10.10.10.200', os.name: 'Windows 10', os.arch: 'amd64', os.version: '10.0', java.version: '15.0.1'\nDriver info: driver.version: FirefoxDriver\r\n\tat org.openqa.selenium.firefox.internal.NewProfileExtensionConnection.start(NewProfileExtensionConnection.java:125)\r\n\tat org.openqa.selenium.firefox.FirefoxDriver.startClient(FirefoxDriver.java:271)\r\n\tat org.openqa.selenium.remote.RemoteWebDriver.<init>(RemoteWebDriver.java:119)\r\n\tat org.openqa.selenium.firefox.FirefoxDriver.<init>(FirefoxDriver.java:216)\r\n\tat org.openqa.selenium.firefox.FirefoxDriver.<init>(FirefoxDriver.java:211)\r\n\tat org.openqa.selenium.firefox.FirefoxDriver.<init>(FirefoxDriver.java:207)\r\n\tat org.openqa.selenium.firefox.FirefoxDriver.<init>(FirefoxDriver.java:120)\r\n\tat com.qa.tests.Testbase.setUp(Testbase.java:48)\r\n\tat java.base/jdk.internal.reflect.NativeMethodAccessorImpl.invoke0(Native Method)\r\n\tat java.base/jdk.internal.reflect.NativeMethodAccessorImpl.invoke(NativeMethodAccessorImpl.java:64)\r\n\tat java.base/jdk.internal.reflect.DelegatingMethodAccessorImpl.invoke(DelegatingMethodAccessorImpl.java:43)\r\n\tat java.base/java.lang.reflect.Method.invoke(Method.java:564)\r\n\tat org.testng.internal.MethodInvocationHelper.invokeMethod(MethodInvocationHelper.java:132)\r\n\tat org.testng.internal.MethodInvocationHelper.invokeMethodConsideringTimeout(MethodInvocationHelper.java:61)\r\n\tat org.testng.internal.ConfigInvoker.invokeConfigurationMethod(ConfigInvoker.java:366)\r\n\tat org.testng.internal.ConfigInvoker.invokeConfigurations(ConfigInvoker.java:320)\r\n\tat org.testng.internal.TestMethodWorker.invokeBeforeClassMethods(TestMethodWorker.java:176)\r\n\tat org.testng.internal.TestMethodWorker.run(TestMethodWorker.java:122)\r\n\tat java.base/java.util.concurrent.ThreadPoolExecutor.runWorker(ThreadPoolExecutor.java:1130)\r\n\tat java.base/java.util.concurrent.ThreadPoolExecutor$Worker.run(ThreadPoolExecutor.java:630)\r\n\tat java.base/java.lang.Thread.run(Thread.java:832)\r\nCaused by: org.openqa.selenium.firefox.NotConnectedException: Unable to connect to host 127.0.0.1 on port 7055 after 45000 ms. Firefox console output:\nCan't find symbol 'eglSwapBuffersWithDamageEXT'.\r\nCan't find symbol 'eglSetDamageRegionKHR'.\r\nJavaScript error: resource://gre/modules/XULStore.jsm, line 66: Error: Can't find profile directory.\r\n\r\n\tat org.openqa.selenium.firefox.internal.NewProfileExtensionConnection.start(NewProfileExtensionConnection.java:113)\r\n\t... 20 more\r\n"},"stage":"finished","steps":[],"attachments":[],"parameters":[{"name":"browser","value":"firefox"}],"start":1610952900789,"stop":1610952900794,"uuid":"e793a621-eb22-4775-a514-84f63d4d0556","historyId":"404c1338b04efcd7c6a471dcd158b34","fullName":"com.qa.tests.FlightOneway.searchFlightsoneway","labels":[{"name":"package","value":"com.qa.tests.FlightOneway"},{"name":"testClass","value":"com.qa.tests.FlightOneway"},{"name":"testMethod","value":"searchFlightsoneway"},{"name":"parentSuite","value":"Test Automation ClearTrip"},{"name":"suite","value":"Testonedge"},{"name":"subSuite","value":"com.qa.tests.FlightOneway"},{"name":"host","value":"AyushiLaptop"},{"name":"thread","value":"12592@AyushiLaptop.TestNG-test=Testonedge-3(18)"},{"name":"framework","value":"testng"},{"name":"language","value":"java"}],"links":[]}